  GameState.cpp
  GameplayState.cpp
D:\STUDYING\CODE\SS004_KNNN\Snake_Game\src\GameplayState.cpp(140,99): warning C4244: 'argument': conversion from 'int' to 'T', possible loss of data
D:\STUDYING\CODE\SS004_KNNN\Snake_Game\src\GameplayState.cpp(140,99): warning C4244:         with
D:\STUDYING\CODE\SS004_KNNN\Snake_Game\src\GameplayState.cpp(140,99): warning C4244:         [
D:\STUDYING\CODE\SS004_KNNN\Snake_Game\src\GameplayState.cpp(140,99): warning C4244:             T=float
D:\STUDYING\CODE\SS004_KNNN\Snake_Game\src\GameplayState.cpp(140,99): warning C4244:         ]
D:\STUDYING\CODE\SS004_KNNN\Snake_Game\src\GameplayState.cpp(140,80): warning C4244: 'argument': conversion from 'int' to 'T', possible loss of data
D:\STUDYING\CODE\SS004_KNNN\Snake_Game\src\GameplayState.cpp(140,80): warning C4244:         with
D:\STUDYING\CODE\SS004_KNNN\Snake_Game\src\GameplayState.cpp(140,80): warning C4244:         [
D:\STUDYING\CODE\SS004_KNNN\Snake_Game\src\GameplayState.cpp(140,80): warning C4244:             T=float
D:\STUDYING\CODE\SS004_KNNN\Snake_Game\src\GameplayState.cpp(140,80): warning C4244:         ]
D:\STUDYING\CODE\SS004_KNNN\Snake_Game\src\GameplayState.cpp(149,98): warning C4244: 'argument': conversion from 'int' to 'T', possible loss of data
D:\STUDYING\CODE\SS004_KNNN\Snake_Game\src\GameplayState.cpp(149,98): warning C4244:         with
D:\STUDYING\CODE\SS004_KNNN\Snake_Game\src\GameplayState.cpp(149,98): warning C4244:         [
D:\STUDYING\CODE\SS004_KNNN\Snake_Game\src\GameplayState.cpp(149,98): warning C4244:             T=float
D:\STUDYING\CODE\SS004_KNNN\Snake_Game\src\GameplayState.cpp(149,98): warning C4244:         ]
D:\STUDYING\CODE\SS004_KNNN\Snake_Game\src\GameplayState.cpp(149,79): warning C4244: 'argument': conversion from 'int' to 'T', possible loss of data
D:\STUDYING\CODE\SS004_KNNN\Snake_Game\src\GameplayState.cpp(149,79): warning C4244:         with
D:\STUDYING\CODE\SS004_KNNN\Snake_Game\src\GameplayState.cpp(149,79): warning C4244:         [
D:\STUDYING\CODE\SS004_KNNN\Snake_Game\src\GameplayState.cpp(149,79): warning C4244:             T=float
D:\STUDYING\CODE\SS004_KNNN\Snake_Game\src\GameplayState.cpp(149,79): warning C4244:         ]
D:\STUDYING\CODE\SS004_KNNN\Snake_Game\src\GameplayState.cpp(158,96): warning C4244: 'argument': conversion from 'int' to 'T', possible loss of data
D:\STUDYING\CODE\SS004_KNNN\Snake_Game\src\GameplayState.cpp(158,96): warning C4244:         with
D:\STUDYING\CODE\SS004_KNNN\Snake_Game\src\GameplayState.cpp(158,96): warning C4244:         [
D:\STUDYING\CODE\SS004_KNNN\Snake_Game\src\GameplayState.cpp(158,96): warning C4244:             T=float
D:\STUDYING\CODE\SS004_KNNN\Snake_Game\src\GameplayState.cpp(158,96): warning C4244:         ]
D:\STUDYING\CODE\SS004_KNNN\Snake_Game\src\GameplayState.cpp(158,77): warning C4244: 'argument': conversion from 'int' to 'T', possible loss of data
D:\STUDYING\CODE\SS004_KNNN\Snake_Game\src\GameplayState.cpp(158,77): warning C4244:         with
D:\STUDYING\CODE\SS004_KNNN\Snake_Game\src\GameplayState.cpp(158,77): warning C4244:         [
D:\STUDYING\CODE\SS004_KNNN\Snake_Game\src\GameplayState.cpp(158,77): warning C4244:             T=float
D:\STUDYING\CODE\SS004_KNNN\Snake_Game\src\GameplayState.cpp(158,77): warning C4244:         ]
D:\STUDYING\CODE\SS004_KNNN\Snake_Game\src\GameplayState.cpp(167,92): warning C4244: 'argument': conversion from 'int' to 'T', possible loss of data
D:\STUDYING\CODE\SS004_KNNN\Snake_Game\src\GameplayState.cpp(167,92): warning C4244:         with
D:\STUDYING\CODE\SS004_KNNN\Snake_Game\src\GameplayState.cpp(167,92): warning C4244:         [
D:\STUDYING\CODE\SS004_KNNN\Snake_Game\src\GameplayState.cpp(167,92): warning C4244:             T=float
D:\STUDYING\CODE\SS004_KNNN\Snake_Game\src\GameplayState.cpp(167,92): warning C4244:         ]
D:\STUDYING\CODE\SS004_KNNN\Snake_Game\src\GameplayState.cpp(167,73): warning C4244: 'argument': conversion from 'int' to 'T', possible loss of data
D:\STUDYING\CODE\SS004_KNNN\Snake_Game\src\GameplayState.cpp(167,73): warning C4244:         with
D:\STUDYING\CODE\SS004_KNNN\Snake_Game\src\GameplayState.cpp(167,73): warning C4244:         [
D:\STUDYING\CODE\SS004_KNNN\Snake_Game\src\GameplayState.cpp(167,73): warning C4244:             T=float
D:\STUDYING\CODE\SS004_KNNN\Snake_Game\src\GameplayState.cpp(167,73): warning C4244:         ]
D:\STUDYING\CODE\SS004_KNNN\Snake_Game\src\GameplayState.cpp(177,92): warning C4244: 'argument': conversion from 'int' to 'T', possible loss of data
D:\STUDYING\CODE\SS004_KNNN\Snake_Game\src\GameplayState.cpp(177,92): warning C4244:         with
D:\STUDYING\CODE\SS004_KNNN\Snake_Game\src\GameplayState.cpp(177,92): warning C4244:         [
D:\STUDYING\CODE\SS004_KNNN\Snake_Game\src\GameplayState.cpp(177,92): warning C4244:             T=float
D:\STUDYING\CODE\SS004_KNNN\Snake_Game\src\GameplayState.cpp(177,92): warning C4244:         ]
D:\STUDYING\CODE\SS004_KNNN\Snake_Game\src\GameplayState.cpp(177,73): warning C4244: 'argument': conversion from 'int' to 'T', possible loss of data
D:\STUDYING\CODE\SS004_KNNN\Snake_Game\src\GameplayState.cpp(177,73): warning C4244:         with
D:\STUDYING\CODE\SS004_KNNN\Snake_Game\src\GameplayState.cpp(177,73): warning C4244:         [
D:\STUDYING\CODE\SS004_KNNN\Snake_Game\src\GameplayState.cpp(177,73): warning C4244:             T=float
D:\STUDYING\CODE\SS004_KNNN\Snake_Game\src\GameplayState.cpp(177,73): warning C4244:         ]
D:\STUDYING\CODE\SS004_KNNN\Snake_Game\src\GameplayState.cpp(186,92): warning C4244: 'argument': conversion from 'int' to 'T', possible loss of data
D:\STUDYING\CODE\SS004_KNNN\Snake_Game\src\GameplayState.cpp(186,92): warning C4244:         with
D:\STUDYING\CODE\SS004_KNNN\Snake_Game\src\GameplayState.cpp(186,92): warning C4244:         [
D:\STUDYING\CODE\SS004_KNNN\Snake_Game\src\GameplayState.cpp(186,92): warning C4244:             T=float
D:\STUDYING\CODE\SS004_KNNN\Snake_Game\src\GameplayState.cpp(186,92): warning C4244:         ]
D:\STUDYING\CODE\SS004_KNNN\Snake_Game\src\GameplayState.cpp(186,73): warning C4244: 'argument': conversion from 'int' to 'T', possible loss of data
D:\STUDYING\CODE\SS004_KNNN\Snake_Game\src\GameplayState.cpp(186,73): warning C4244:         with
D:\STUDYING\CODE\SS004_KNNN\Snake_Game\src\GameplayState.cpp(186,73): warning C4244:         [
D:\STUDYING\CODE\SS004_KNNN\Snake_Game\src\GameplayState.cpp(186,73): warning C4244:             T=float
D:\STUDYING\CODE\SS004_KNNN\Snake_Game\src\GameplayState.cpp(186,73): warning C4244:         ]
D:\STUDYING\CODE\SS004_KNNN\Snake_Game\src\GameplayState.cpp(196,92): warning C4244: 'argument': conversion from 'int' to 'T', possible loss of data
D:\STUDYING\CODE\SS004_KNNN\Snake_Game\src\GameplayState.cpp(196,92): warning C4244:         with
D:\STUDYING\CODE\SS004_KNNN\Snake_Game\src\GameplayState.cpp(196,92): warning C4244:         [
D:\STUDYING\CODE\SS004_KNNN\Snake_Game\src\GameplayState.cpp(196,92): warning C4244:             T=float
D:\STUDYING\CODE\SS004_KNNN\Snake_Game\src\GameplayState.cpp(196,92): warning C4244:         ]
D:\STUDYING\CODE\SS004_KNNN\Snake_Game\src\GameplayState.cpp(196,73): warning C4244: 'argument': conversion from 'int' to 'T', possible loss of data
D:\STUDYING\CODE\SS004_KNNN\Snake_Game\src\GameplayState.cpp(196,73): warning C4244:         with
D:\STUDYING\CODE\SS004_KNNN\Snake_Game\src\GameplayState.cpp(196,73): warning C4244:         [
D:\STUDYING\CODE\SS004_KNNN\Snake_Game\src\GameplayState.cpp(196,73): warning C4244:             T=float
D:\STUDYING\CODE\SS004_KNNN\Snake_Game\src\GameplayState.cpp(196,73): warning C4244:         ]
D:\STUDYING\CODE\SS004_KNNN\Snake_Game\src\GameplayState.cpp(206,92): warning C4244: 'argument': conversion from 'int' to 'T', possible loss of data
D:\STUDYING\CODE\SS004_KNNN\Snake_Game\src\GameplayState.cpp(206,92): warning C4244:         with
D:\STUDYING\CODE\SS004_KNNN\Snake_Game\src\GameplayState.cpp(206,92): warning C4244:         [
D:\STUDYING\CODE\SS004_KNNN\Snake_Game\src\GameplayState.cpp(206,92): warning C4244:             T=float
D:\STUDYING\CODE\SS004_KNNN\Snake_Game\src\GameplayState.cpp(206,92): warning C4244:         ]
D:\STUDYING\CODE\SS004_KNNN\Snake_Game\src\GameplayState.cpp(206,73): warning C4244: 'argument': conversion from 'int' to 'T', possible loss of data
D:\STUDYING\CODE\SS004_KNNN\Snake_Game\src\GameplayState.cpp(206,73): warning C4244:         with
D:\STUDYING\CODE\SS004_KNNN\Snake_Game\src\GameplayState.cpp(206,73): warning C4244:         [
D:\STUDYING\CODE\SS004_KNNN\Snake_Game\src\GameplayState.cpp(206,73): warning C4244:             T=float
D:\STUDYING\CODE\SS004_KNNN\Snake_Game\src\GameplayState.cpp(206,73): warning C4244:         ]
D:\STUDYING\CODE\SS004_KNNN\Snake_Game\src\GameplayState.cpp(215,96): warning C4244: 'argument': conversion from 'int' to 'T', possible loss of data
D:\STUDYING\CODE\SS004_KNNN\Snake_Game\src\GameplayState.cpp(215,96): warning C4244:         with
D:\STUDYING\CODE\SS004_KNNN\Snake_Game\src\GameplayState.cpp(215,96): warning C4244:         [
D:\STUDYING\CODE\SS004_KNNN\Snake_Game\src\GameplayState.cpp(215,96): warning C4244:             T=float
D:\STUDYING\CODE\SS004_KNNN\Snake_Game\src\GameplayState.cpp(215,96): warning C4244:         ]
D:\STUDYING\CODE\SS004_KNNN\Snake_Game\src\GameplayState.cpp(215,77): warning C4244: 'argument': conversion from 'int' to 'T', possible loss of data
D:\STUDYING\CODE\SS004_KNNN\Snake_Game\src\GameplayState.cpp(215,77): warning C4244:         with
D:\STUDYING\CODE\SS004_KNNN\Snake_Game\src\GameplayState.cpp(215,77): warning C4244:         [
D:\STUDYING\CODE\SS004_KNNN\Snake_Game\src\GameplayState.cpp(215,77): warning C4244:             T=float
D:\STUDYING\CODE\SS004_KNNN\Snake_Game\src\GameplayState.cpp(215,77): warning C4244:         ]
D:\STUDYING\CODE\SS004_KNNN\Snake_Game\src\GameplayState.cpp(289,100): warning C4244: 'argument': conversion from 'int' to 'T', possible loss of data
D:\STUDYING\CODE\SS004_KNNN\Snake_Game\src\GameplayState.cpp(289,100): warning C4244:         with
D:\STUDYING\CODE\SS004_KNNN\Snake_Game\src\GameplayState.cpp(289,100): warning C4244:         [
D:\STUDYING\CODE\SS004_KNNN\Snake_Game\src\GameplayState.cpp(289,100): warning C4244:             T=float
D:\STUDYING\CODE\SS004_KNNN\Snake_Game\src\GameplayState.cpp(289,100): warning C4244:         ]
D:\STUDYING\CODE\SS004_KNNN\Snake_Game\src\GameplayState.cpp(289,81): warning C4244: 'argument': conversion from 'int' to 'T', possible loss of data
D:\STUDYING\CODE\SS004_KNNN\Snake_Game\src\GameplayState.cpp(289,81): warning C4244:         with
D:\STUDYING\CODE\SS004_KNNN\Snake_Game\src\GameplayState.cpp(289,81): warning C4244:         [
D:\STUDYING\CODE\SS004_KNNN\Snake_Game\src\GameplayState.cpp(289,81): warning C4244:             T=float
D:\STUDYING\CODE\SS004_KNNN\Snake_Game\src\GameplayState.cpp(289,81): warning C4244:         ]
D:\STUDYING\CODE\SS004_KNNN\Snake_Game\src\GameplayState.cpp(308,97): warning C4244: 'argument': conversion from 'int' to 'T', possible loss of data
D:\STUDYING\CODE\SS004_KNNN\Snake_Game\src\GameplayState.cpp(308,97): warning C4244:         with
D:\STUDYING\CODE\SS004_KNNN\Snake_Game\src\GameplayState.cpp(308,97): warning C4244:         [
D:\STUDYING\CODE\SS004_KNNN\Snake_Game\src\GameplayState.cpp(308,97): warning C4244:             T=float
D:\STUDYING\CODE\SS004_KNNN\Snake_Game\src\GameplayState.cpp(308,97): warning C4244:         ]
D:\STUDYING\CODE\SS004_KNNN\Snake_Game\src\GameplayState.cpp(308,78): warning C4244: 'argument': conversion from 'int' to 'T', possible loss of data
D:\STUDYING\CODE\SS004_KNNN\Snake_Game\src\GameplayState.cpp(308,78): warning C4244:         with
D:\STUDYING\CODE\SS004_KNNN\Snake_Game\src\GameplayState.cpp(308,78): warning C4244:         [
D:\STUDYING\CODE\SS004_KNNN\Snake_Game\src\GameplayState.cpp(308,78): warning C4244:             T=float
D:\STUDYING\CODE\SS004_KNNN\Snake_Game\src\GameplayState.cpp(308,78): warning C4244:         ]
D:\STUDYING\CODE\SS004_KNNN\Snake_Game\src\GameplayState.cpp(328,93): warning C4244: 'argument': conversion from 'int' to 'T', possible loss of data
D:\STUDYING\CODE\SS004_KNNN\Snake_Game\src\GameplayState.cpp(328,93): warning C4244:         with
D:\STUDYING\CODE\SS004_KNNN\Snake_Game\src\GameplayState.cpp(328,93): warning C4244:         [
D:\STUDYING\CODE\SS004_KNNN\Snake_Game\src\GameplayState.cpp(328,93): warning C4244:             T=float
D:\STUDYING\CODE\SS004_KNNN\Snake_Game\src\GameplayState.cpp(328,93): warning C4244:         ]
D:\STUDYING\CODE\SS004_KNNN\Snake_Game\src\GameplayState.cpp(328,74): warning C4244: 'argument': conversion from 'int' to 'T', possible loss of data
D:\STUDYING\CODE\SS004_KNNN\Snake_Game\src\GameplayState.cpp(328,74): warning C4244:         with
D:\STUDYING\CODE\SS004_KNNN\Snake_Game\src\GameplayState.cpp(328,74): warning C4244:         [
D:\STUDYING\CODE\SS004_KNNN\Snake_Game\src\GameplayState.cpp(328,74): warning C4244:             T=float
D:\STUDYING\CODE\SS004_KNNN\Snake_Game\src\GameplayState.cpp(328,74): warning C4244:         ]
D:\STUDYING\CODE\SS004_KNNN\Snake_Game\src\GameplayState.cpp(348,93): warning C4244: 'argument': conversion from 'int' to 'T', possible loss of data
D:\STUDYING\CODE\SS004_KNNN\Snake_Game\src\GameplayState.cpp(348,93): warning C4244:         with
D:\STUDYING\CODE\SS004_KNNN\Snake_Game\src\GameplayState.cpp(348,93): warning C4244:         [
D:\STUDYING\CODE\SS004_KNNN\Snake_Game\src\GameplayState.cpp(348,93): warning C4244:             T=float
D:\STUDYING\CODE\SS004_KNNN\Snake_Game\src\GameplayState.cpp(348,93): warning C4244:         ]
D:\STUDYING\CODE\SS004_KNNN\Snake_Game\src\GameplayState.cpp(348,74): warning C4244: 'argument': conversion from 'int' to 'T', possible loss of data
D:\STUDYING\CODE\SS004_KNNN\Snake_Game\src\GameplayState.cpp(348,74): warning C4244:         with
D:\STUDYING\CODE\SS004_KNNN\Snake_Game\src\GameplayState.cpp(348,74): warning C4244:         [
D:\STUDYING\CODE\SS004_KNNN\Snake_Game\src\GameplayState.cpp(348,74): warning C4244:             T=float
D:\STUDYING\CODE\SS004_KNNN\Snake_Game\src\GameplayState.cpp(348,74): warning C4244:         ]
D:\STUDYING\CODE\SS004_KNNN\Snake_Game\src\GameplayState.cpp(368,93): warning C4244: 'argument': conversion from 'int' to 'T', possible loss of data
D:\STUDYING\CODE\SS004_KNNN\Snake_Game\src\GameplayState.cpp(368,93): warning C4244:         with
D:\STUDYING\CODE\SS004_KNNN\Snake_Game\src\GameplayState.cpp(368,93): warning C4244:         [
D:\STUDYING\CODE\SS004_KNNN\Snake_Game\src\GameplayState.cpp(368,93): warning C4244:             T=float
D:\STUDYING\CODE\SS004_KNNN\Snake_Game\src\GameplayState.cpp(368,93): warning C4244:         ]
D:\STUDYING\CODE\SS004_KNNN\Snake_Game\src\GameplayState.cpp(368,74): warning C4244: 'argument': conversion from 'int' to 'T', possible loss of data
D:\STUDYING\CODE\SS004_KNNN\Snake_Game\src\GameplayState.cpp(368,74): warning C4244:         with
D:\STUDYING\CODE\SS004_KNNN\Snake_Game\src\GameplayState.cpp(368,74): warning C4244:         [
D:\STUDYING\CODE\SS004_KNNN\Snake_Game\src\GameplayState.cpp(368,74): warning C4244:             T=float
D:\STUDYING\CODE\SS004_KNNN\Snake_Game\src\GameplayState.cpp(368,74): warning C4244:         ]
D:\STUDYING\CODE\SS004_KNNN\Snake_Game\src\GameplayState.cpp(388,93): warning C4244: 'argument': conversion from 'int' to 'T', possible loss of data
D:\STUDYING\CODE\SS004_KNNN\Snake_Game\src\GameplayState.cpp(388,93): warning C4244:         with
D:\STUDYING\CODE\SS004_KNNN\Snake_Game\src\GameplayState.cpp(388,93): warning C4244:         [
D:\STUDYING\CODE\SS004_KNNN\Snake_Game\src\GameplayState.cpp(388,93): warning C4244:             T=float
D:\STUDYING\CODE\SS004_KNNN\Snake_Game\src\GameplayState.cpp(388,93): warning C4244:         ]
D:\STUDYING\CODE\SS004_KNNN\Snake_Game\src\GameplayState.cpp(388,74): warning C4244: 'argument': conversion from 'int' to 'T', possible loss of data
D:\STUDYING\CODE\SS004_KNNN\Snake_Game\src\GameplayState.cpp(388,74): warning C4244:         with
D:\STUDYING\CODE\SS004_KNNN\Snake_Game\src\GameplayState.cpp(388,74): warning C4244:         [
D:\STUDYING\CODE\SS004_KNNN\Snake_Game\src\GameplayState.cpp(388,74): warning C4244:             T=float
D:\STUDYING\CODE\SS004_KNNN\Snake_Game\src\GameplayState.cpp(388,74): warning C4244:         ]
D:\STUDYING\CODE\SS004_KNNN\Snake_Game\src\GameplayState.cpp(408,93): warning C4244: 'argument': conversion from 'int' to 'T', possible loss of data
D:\STUDYING\CODE\SS004_KNNN\Snake_Game\src\GameplayState.cpp(408,93): warning C4244:         with
D:\STUDYING\CODE\SS004_KNNN\Snake_Game\src\GameplayState.cpp(408,93): warning C4244:         [
D:\STUDYING\CODE\SS004_KNNN\Snake_Game\src\GameplayState.cpp(408,93): warning C4244:             T=float
D:\STUDYING\CODE\SS004_KNNN\Snake_Game\src\GameplayState.cpp(408,93): warning C4244:         ]
D:\STUDYING\CODE\SS004_KNNN\Snake_Game\src\GameplayState.cpp(408,74): warning C4244: 'argument': conversion from 'int' to 'T', possible loss of data
D:\STUDYING\CODE\SS004_KNNN\Snake_Game\src\GameplayState.cpp(408,74): warning C4244:         with
D:\STUDYING\CODE\SS004_KNNN\Snake_Game\src\GameplayState.cpp(408,74): warning C4244:         [
D:\STUDYING\CODE\SS004_KNNN\Snake_Game\src\GameplayState.cpp(408,74): warning C4244:             T=float
D:\STUDYING\CODE\SS004_KNNN\Snake_Game\src\GameplayState.cpp(408,74): warning C4244:         ]
  MainMenuState.cpp
  OptionState.cpp
D:\STUDYING\CODE\SS004_KNNN\Snake_Game\src\OptionState.cpp(74,100): warning C4244: 'argument': conversion from 'int' to 'T', possible loss of data
D:\STUDYING\CODE\SS004_KNNN\Snake_Game\src\OptionState.cpp(74,100): warning C4244:         with
D:\STUDYING\CODE\SS004_KNNN\Snake_Game\src\OptionState.cpp(74,100): warning C4244:         [
D:\STUDYING\CODE\SS004_KNNN\Snake_Game\src\OptionState.cpp(74,100): warning C4244:             T=float
D:\STUDYING\CODE\SS004_KNNN\Snake_Game\src\OptionState.cpp(74,100): warning C4244:         ]
D:\STUDYING\CODE\SS004_KNNN\Snake_Game\src\OptionState.cpp(74,81): warning C4244: 'argument': conversion from 'int' to 'T', possible loss of data
D:\STUDYING\CODE\SS004_KNNN\Snake_Game\src\OptionState.cpp(74,81): warning C4244:         with
D:\STUDYING\CODE\SS004_KNNN\Snake_Game\src\OptionState.cpp(74,81): warning C4244:         [
D:\STUDYING\CODE\SS004_KNNN\Snake_Game\src\OptionState.cpp(74,81): warning C4244:             T=float
D:\STUDYING\CODE\SS004_KNNN\Snake_Game\src\OptionState.cpp(74,81): warning C4244:         ]
D:\STUDYING\CODE\SS004_KNNN\Snake_Game\src\OptionState.cpp(83,101): warning C4244: 'argument': conversion from 'int' to 'T', possible loss of data
D:\STUDYING\CODE\SS004_KNNN\Snake_Game\src\OptionState.cpp(83,101): warning C4244:         with
D:\STUDYING\CODE\SS004_KNNN\Snake_Game\src\OptionState.cpp(83,101): warning C4244:         [
D:\STUDYING\CODE\SS004_KNNN\Snake_Game\src\OptionState.cpp(83,101): warning C4244:             T=float
D:\STUDYING\CODE\SS004_KNNN\Snake_Game\src\OptionState.cpp(83,101): warning C4244:         ]
D:\STUDYING\CODE\SS004_KNNN\Snake_Game\src\OptionState.cpp(83,82): warning C4244: 'argument': conversion from 'int' to 'T', possible loss of data
D:\STUDYING\CODE\SS004_KNNN\Snake_Game\src\OptionState.cpp(83,82): warning C4244:         with
D:\STUDYING\CODE\SS004_KNNN\Snake_Game\src\OptionState.cpp(83,82): warning C4244:         [
D:\STUDYING\CODE\SS004_KNNN\Snake_Game\src\OptionState.cpp(83,82): warning C4244:             T=float
D:\STUDYING\CODE\SS004_KNNN\Snake_Game\src\OptionState.cpp(83,82): warning C4244:         ]
D:\STUDYING\CODE\SS004_KNNN\Snake_Game\src\OptionState.cpp(92,96): warning C4244: 'argument': conversion from 'int' to 'T', possible loss of data
D:\STUDYING\CODE\SS004_KNNN\Snake_Game\src\OptionState.cpp(92,96): warning C4244:         with
D:\STUDYING\CODE\SS004_KNNN\Snake_Game\src\OptionState.cpp(92,96): warning C4244:         [
D:\STUDYING\CODE\SS004_KNNN\Snake_Game\src\OptionState.cpp(92,96): warning C4244:             T=float
D:\STUDYING\CODE\SS004_KNNN\Snake_Game\src\OptionState.cpp(92,96): warning C4244:         ]
D:\STUDYING\CODE\SS004_KNNN\Snake_Game\src\OptionState.cpp(92,77): warning C4244: 'argument': conversion from 'int' to 'T', possible loss of data
D:\STUDYING\CODE\SS004_KNNN\Snake_Game\src\OptionState.cpp(92,77): warning C4244:         with
D:\STUDYING\CODE\SS004_KNNN\Snake_Game\src\OptionState.cpp(92,77): warning C4244:         [
D:\STUDYING\CODE\SS004_KNNN\Snake_Game\src\OptionState.cpp(92,77): warning C4244:             T=float
D:\STUDYING\CODE\SS004_KNNN\Snake_Game\src\OptionState.cpp(92,77): warning C4244:         ]
  Snake.cpp
  SplashState.cpp
  main.cpp
  Generating Code...
  Snake_Game.vcxproj -> D:\STUDYING\CODE\SS004_KNNN\x64\Debug\Snake_Game.exe
